<?xml version="1.0" encoding="UTF-8"?>
<testsuites name="Metryka" time="103" tests="2" failures="1" errors="0">
   <testsuite name="Metryka" tests="2" failures="1" errors="0" time="103" timestamp="2018-08-21 15:43:25" hostname="Kajetan Kaczmarek - LAPTOP-2OLM88US" id="Test Suites/Metryka">
      <properties>
         <property name="deviceName" value=""/>
         <property name="devicePlatform" value=""/>
         <property name="logFolder" value="C:\\Users\\Kajetan Kaczmarek\\Katalon Studio\\In-Zamowienia-Publiczne\\Reports\\Metryka\\20180821_154322"/>
         <property name="logFiles" value="C:\\Users\\Kajetan Kaczmarek\\Katalon Studio\\In-Zamowienia-Publiczne\\Reports\\Metryka\\20180821_154322\\execution0.log"/>
         <property name="attachments" value="C:\\Users\\Kajetan Kaczmarek\\Katalon Studio\\In-Zamowienia-Publiczne\\Reports\\Metryka\\20180821_154322\\1534859108065.png"/>
         <property name="hostName" value="Kajetan Kaczmarek - LAPTOP-2OLM88US"/>
         <property name="os" value="Windows 10 64bit"/>
         <property name="katalonVersion" value="5.6.0.1"/>
         <property name="browser" value="Chrome 68.0.3440.106"/>
         <property name="hostAddress" value="192.168.20.91"/>
         <property name="sessionId" value="6aef25f538c15542a39b58d3fa9040b4"/>
         <property name="seleniumVersion" value="3.7.1"/>
         <property name="proxyInformation" value="ProxyInformation{proxyOption=NO_PROXY, proxyServerType=HTTP, password=, proxyServerAddress=, proxyServerPort=0}"/>
         <property name="platform" value="Windows 10"/>
      </properties>
      <testcase name="Test Cases/Logowanie/Wejscie na strone" classname="Test Cases/Logowanie/Wejscie na strone" status="PASSED">
         <system-out><![CDATA[2018-08-21 15:43:26 - [TEST_CASE][PASSED] - Test Cases/Logowanie/Wejscie na strone: Test Cases/Logowanie/Wejscie na strone

2018-08-21 15:43:26 - [TEST_STEP][PASSED] - openBrowser: Browser is opened with url: ''

2018-08-21 15:43:33 - [MESSAGE][PASSED] - Browser is opened with url: ''

2018-08-21 15:43:33 - [TEST_STEP][PASSED] - Statement - autoit_prj = "C:\inzamon\login11.exe": null

2018-08-21 15:43:33 - [TEST_STEP][PASSED] - Statement - java.lang.Runtime.getRuntime().exec(autoit_prj): null

2018-08-21 15:43:33 - [TEST_STEP][PASSED] - navigateToUrl: Navigate to 'http:\drb1.pl.hostingasp.pl' successfully

2018-08-21 15:43:51 - [MESSAGE][PASSED] - Navigate to 'http:\drb1.pl.hostingasp.pl' successfully

2018-08-21 15:43:51 - [TEST_STEP][PASSED] - Statement - java.lang.Thread.sleep(3000): null

2018-08-21 15:43:54 - [TEST_STEP][PASSED] - doubleClick: Object: 'Object Repository/Logowanie/input_logowanie-login' is double clicked on

2018-08-21 15:43:54 - [MESSAGE][PASSED] - Object: 'Object Repository/Logowanie/input_logowanie-login' is double clicked on]]></system-out>
         <system-err><![CDATA[]]></system-err>
      </testcase>
      <testcase name="Test Cases/Logowanie/Logowanie poprawne" classname="Test Cases/Logowanie/Logowanie poprawne" status="PASSED">
         <system-out><![CDATA[2018-08-21 15:43:54 - [TEST_CASE][PASSED] - Test Cases/Logowanie/Logowanie poprawne: Test Cases/Logowanie/Logowanie poprawne

2018-08-21 15:43:55 - [TEST_STEP][PASSED] - Statement - autoit_prj = "C:\inzamon\login-correct.exe": null

2018-08-21 15:43:55 - [TEST_STEP][PASSED] - Statement - java.lang.Runtime.getRuntime().exec(autoit_prj): null

2018-08-21 15:43:55 - [TEST_STEP][PASSED] - Statement - java.lang.Thread.sleep(5000): null]]></system-out>
         <system-err><![CDATA[]]></system-err>
      </testcase>
      <testcase name="Test Cases/Metryka/Z podzialem z komisja" classname="Test Cases/Metryka/Z podzialem z komisja" status="FAILED">
         <failure type="FAILED" message="Unable to set text '100000' of object 'Object Repository/Metryka/input_normal ng-untouched ng-v' (Root cause: com.kms.katalon.core.webui.exception.WebElementNotFoundException: Web element with id: 'Object Repository/Metryka/input_normal ng-untouched ng-v' located by 'By.xpath: id(&quot;all&quot;)/div[@class=&quot;content-wrapper&quot;]/section[@class=&quot;content&quot;]/div[@class=&quot;ng-scope&quot;]/div[@class=&quot;row ng-scope&quot;]/form[@class=&quot;form-horizontal ng-valid-maxlength ng-valid-editable ng-dirty ng-valid-parse ng-valid ng-valid-required&quot;]/div[@class=&quot;full-width&quot;]/div[@class=&quot;mt-50 col-sm-10 col-centered&quot;]/div[@class=&quot;form-group&quot;]/div[@class=&quot;row&quot;]/table[@class=&quot;dataTable&quot;]/tbody[1]/tr[@class=&quot;ng-scope odd&quot;]/td[2]/input[@class=&quot;normal ng-untouched ng-valid ng-not-empty ng-dirty ng-valid-parse&quot;]' not found)"/>
         <system-out><![CDATA[2018-08-21 15:44:00 - [TEST_CASE][FAILED] - Test Cases/Metryka/Z podzialem z komisja: Test Cases/Metryka/Z podzialem z komisja FAILED because (of) Unable to set text '100000' of object 'Object Repository/Metryka/input_normal ng-untouched ng-v' (Root cause: com.kms.katalon.core.webui.exception.WebElementNotFoundException: Web element with id: 'Object Repository/Metryka/input_normal ng-untouched ng-v' located by 'By.xpath: id("all")/div[@class="content-wrapper"]/section[@class="content"]/div[@class="ng-scope"]/div[@class="row ng-scope"]/form[@class="form-horizontal ng-valid-maxlength ng-valid-editable ng-dirty ng-valid-parse ng-valid ng-valid-required"]/div[@class="full-width"]/div[@class="mt-50 col-sm-10 col-centered"]/div[@class="form-group"]/div[@class="row"]/table[@class="dataTable"]/tbody[1]/tr[@class="ng-scope odd"]/td[2]/input[@class="normal ng-untouched ng-valid ng-not-empty ng-dirty ng-valid-parse"]' not found)

2018-08-21 15:44:00 - [TEST_STEP][PASSED] - waitForPageLoad: Wait for page load successfully

2018-08-21 15:44:00 - [MESSAGE][PASSED] - Wait for page load successfully

2018-08-21 15:44:00 - [TEST_STEP][PASSED] - click: Object: 'Object Repository/Metryka/button_Nowe postpowanie' is clicked on

2018-08-21 15:44:01 - [MESSAGE][PASSED] - Object: 'Object Repository/Metryka/button_Nowe postpowanie' is clicked on

2018-08-21 15:44:01 - [TEST_STEP][PASSED] - setText: Text '556201-N-2018' is set on object 'Object Repository/Metryka/input_Number'

2018-08-21 15:44:02 - [MESSAGE][PASSED] - Text '556201-N-2018' is set on object 'Object Repository/Metryka/input_Number'

2018-08-21 15:44:02 - [TEST_STEP][PASSED] - setText: Text 'Przetarg Testowy' is set on object 'Object Repository/Metryka/input_Name'

2018-08-21 15:44:02 - [MESSAGE][PASSED] - Text 'Przetarg Testowy' is set on object 'Object Repository/Metryka/input_Name'

2018-08-21 15:44:02 - [TEST_STEP][PASSED] - setText: Text '556201-N-2018
Z podziałem z komisją' is set on object 'Object Repository/Metryka/textarea_Description'

2018-08-21 15:44:03 - [MESSAGE][PASSED] - Text '556201-N-2018
Z podziałem z komisją' is set on object 'Object Repository/Metryka/textarea_Description'

2018-08-21 15:44:03 - [TEST_STEP][PASSED] - setText: Text 'Białystok' is set on object 'Object Repository/Metryka/input_description0'

2018-08-21 15:44:03 - [MESSAGE][PASSED] - Text 'Białystok' is set on object 'Object Repository/Metryka/input_description0'

2018-08-21 15:44:03 - [TEST_STEP][PASSED] - waitForElementPresent: Object 'Object Repository/Metryka/input_normal ng-untouched ng-v' is not present after 0 second(s)

2018-08-21 15:44:03 - [MESSAGE][WARNING] - Timeout '0' is invalid. Using default page load timeout: '30'

2018-08-21 15:44:36 - [MESSAGE][WARNING] - Object 'Object Repository/Metryka/input_normal ng-untouched ng-v' is not present after 0 second(s)

2018-08-21 15:44:36 - [TEST_STEP][FAILED] - setText: Unable to set text '100000' of object 'Object Repository/Metryka/input_normal ng-untouched ng-v' (Root cause: com.kms.katalon.core.webui.exception.WebElementNotFoundException: Web element with id: 'Object Repository/Metryka/input_normal ng-untouched ng-v' located by 'By.xpath: id("all")/div[@class="content-wrapper"]/section[@class="content"]/div[@class="ng-scope"]/div[@class="row ng-scope"]/form[@class="form-horizontal ng-valid-maxlength ng-valid-editable ng-dirty ng-valid-parse ng-valid ng-valid-required"]/div[@class="full-width"]/div[@class="mt-50 col-sm-10 col-centered"]/div[@class="form-group"]/div[@class="row"]/table[@class="dataTable"]/tbody[1]/tr[@class="ng-scope odd"]/td[2]/input[@class="normal ng-untouched ng-valid ng-not-empty ng-dirty ng-valid-parse"]' not found)

2018-08-21 15:45:08 - [MESSAGE][FAILED] - Unable to set text '100000' of object 'Object Repository/Metryka/input_normal ng-untouched ng-v' (Root cause: com.kms.katalon.core.webui.exception.WebElementNotFoundException: Web element with id: 'Object Repository/Metryka/input_normal ng-untouched ng-v' located by 'By.xpath: id("all")/div[@class="content-wrapper"]/section[@class="content"]/div[@class="ng-scope"]/div[@class="row ng-scope"]/form[@class="form-horizontal ng-valid-maxlength ng-valid-editable ng-dirty ng-valid-parse ng-valid ng-valid-required"]/div[@class="full-width"]/div[@class="mt-50 col-sm-10 col-centered"]/div[@class="form-group"]/div[@class="row"]/table[@class="dataTable"]/tbody[1]/tr[@class="ng-scope odd"]/td[2]/input[@class="normal ng-untouched ng-valid ng-not-empty ng-dirty ng-valid-parse"]' not found)
[[ATTACHMENT|C:\\Users\\Kajetan Kaczmarek\\Katalon Studio\\In-Zamowienia-Publiczne\\Reports\\Metryka\\20180821_154322\\1534859108065.png]]]]></system-out>
         <system-err><![CDATA[2018-08-21 15:44:00 - [TEST_CASE][FAILED] - Test Cases/Metryka/Z podzialem z komisja: Test Cases/Metryka/Z podzialem z komisja FAILED because (of) Unable to set text '100000' of object 'Object Repository/Metryka/input_normal ng-untouched ng-v' (Root cause: com.kms.katalon.core.webui.exception.WebElementNotFoundException: Web element with id: 'Object Repository/Metryka/input_normal ng-untouched ng-v' located by 'By.xpath: id("all")/div[@class="content-wrapper"]/section[@class="content"]/div[@class="ng-scope"]/div[@class="row ng-scope"]/form[@class="form-horizontal ng-valid-maxlength ng-valid-editable ng-dirty ng-valid-parse ng-valid ng-valid-required"]/div[@class="full-width"]/div[@class="mt-50 col-sm-10 col-centered"]/div[@class="form-group"]/div[@class="row"]/table[@class="dataTable"]/tbody[1]/tr[@class="ng-scope odd"]/td[2]/input[@class="normal ng-untouched ng-valid ng-not-empty ng-dirty ng-valid-parse"]' not found)]]></system-err>
      </testcase>
      <system-out><![CDATA[2018-08-21 15:43:25 - [TEST_SUITE][FAILED] - Metryka: Test Cases/Metryka/Z podzialem z komisja FAILED because (of) Unable to set text '100000' of object 'Object Repository/Metryka/input_normal ng-untouched ng-v' (Root cause: com.kms.katalon.core.webui.exception.WebElementNotFoundException: Web element with id: 'Object Repository/Metryka/input_normal ng-untouched ng-v' located by 'By.xpath: id("all")/div[@class="content-wrapper"]/section[@class="content"]/div[@class="ng-scope"]/div[@class="row ng-scope"]/form[@class="form-horizontal ng-valid-maxlength ng-valid-editable ng-dirty ng-valid-parse ng-valid ng-valid-required"]/div[@class="full-width"]/div[@class="mt-50 col-sm-10 col-centered"]/div[@class="form-group"]/div[@class="row"]/table[@class="dataTable"]/tbody[1]/tr[@class="ng-scope odd"]/td[2]/input[@class="normal ng-untouched ng-valid ng-not-empty ng-dirty ng-valid-parse"]' not found)]]></system-out>
      <system-err><![CDATA[2018-08-21 15:43:25 - [TEST_SUITE][FAILED] - Metryka: Test Cases/Metryka/Z podzialem z komisja FAILED because (of) Unable to set text '100000' of object 'Object Repository/Metryka/input_normal ng-untouched ng-v' (Root cause: com.kms.katalon.core.webui.exception.WebElementNotFoundException: Web element with id: 'Object Repository/Metryka/input_normal ng-untouched ng-v' located by 'By.xpath: id("all")/div[@class="content-wrapper"]/section[@class="content"]/div[@class="ng-scope"]/div[@class="row ng-scope"]/form[@class="form-horizontal ng-valid-maxlength ng-valid-editable ng-dirty ng-valid-parse ng-valid ng-valid-required"]/div[@class="full-width"]/div[@class="mt-50 col-sm-10 col-centered"]/div[@class="form-group"]/div[@class="row"]/table[@class="dataTable"]/tbody[1]/tr[@class="ng-scope odd"]/td[2]/input[@class="normal ng-untouched ng-valid ng-not-empty ng-dirty ng-valid-parse"]' not found)]]></system-err>
   </testsuite>
</testsuites>
