<?xml version="1.0" encoding="UTF-8"?>
<testsuites name="Metryka" time="48" tests="2" failures="1" errors="0">
   <testsuite name="Metryka" tests="2" failures="1" errors="0" time="48" timestamp="2018-08-21 16:09:01" hostname="Kajetan Kaczmarek - LAPTOP-2OLM88US" id="Test Suites/Metryka">
      <properties>
         <property name="deviceName" value=""/>
         <property name="devicePlatform" value=""/>
         <property name="logFolder" value="C:\\Users\\Kajetan Kaczmarek\\Katalon Studio\\In-Zamowienia-Publiczne\\Reports\\Metryka\\20180821_160857"/>
         <property name="logFiles" value="C:\\Users\\Kajetan Kaczmarek\\Katalon Studio\\In-Zamowienia-Publiczne\\Reports\\Metryka\\20180821_160857\\execution0.log"/>
         <property name="attachments" value="C:\\Users\\Kajetan Kaczmarek\\Katalon Studio\\In-Zamowienia-Publiczne\\Reports\\Metryka\\20180821_160857\\1534860588058.png"/>
         <property name="hostName" value="Kajetan Kaczmarek - LAPTOP-2OLM88US"/>
         <property name="os" value="Windows 10 64bit"/>
         <property name="katalonVersion" value="5.6.0.1"/>
         <property name="browser" value="Chrome 68.0.3440.106"/>
         <property name="hostAddress" value="192.168.20.91"/>
         <property name="sessionId" value="c739e474a92660d1dea9b2f90e57f09d"/>
         <property name="seleniumVersion" value="3.7.1"/>
         <property name="proxyInformation" value="ProxyInformation{proxyOption=NO_PROXY, proxyServerType=HTTP, password=, proxyServerAddress=, proxyServerPort=0}"/>
         <property name="platform" value="Windows 10"/>
      </properties>
      <testcase name="Test Cases/Logowanie/Wejscie na strone" classname="Test Cases/Logowanie/Wejscie na strone" status="PASSED">
         <system-out><![CDATA[2018-08-21 16:09:02 - [TEST_CASE][PASSED] - Test Cases/Logowanie/Wejscie na strone: Test Cases/Logowanie/Wejscie na strone

2018-08-21 16:09:02 - [TEST_STEP][PASSED] - openBrowser: Browser is opened with url: ''

2018-08-21 16:09:09 - [MESSAGE][PASSED] - Browser is opened with url: ''

2018-08-21 16:09:09 - [TEST_STEP][PASSED] - Statement - autoit_prj = "C:\inzamon\login11.exe": null

2018-08-21 16:09:09 - [TEST_STEP][PASSED] - Statement - java.lang.Runtime.getRuntime().exec(autoit_prj): null

2018-08-21 16:09:09 - [TEST_STEP][PASSED] - navigateToUrl: Navigate to 'http:\drb1.pl.hostingasp.pl' successfully

2018-08-21 16:09:28 - [MESSAGE][PASSED] - Navigate to 'http:\drb1.pl.hostingasp.pl' successfully

2018-08-21 16:09:28 - [TEST_STEP][PASSED] - Statement - java.lang.Thread.sleep(3000): null

2018-08-21 16:09:31 - [TEST_STEP][PASSED] - doubleClick: Object: 'Object Repository/Logowanie/input_logowanie-login' is double clicked on

2018-08-21 16:09:31 - [MESSAGE][PASSED] - Object: 'Object Repository/Logowanie/input_logowanie-login' is double clicked on]]></system-out>
         <system-err><![CDATA[]]></system-err>
      </testcase>
      <testcase name="Test Cases/Logowanie/Logowanie poprawne" classname="Test Cases/Logowanie/Logowanie poprawne" status="PASSED">
         <system-out><![CDATA[2018-08-21 16:09:31 - [TEST_CASE][PASSED] - Test Cases/Logowanie/Logowanie poprawne: Test Cases/Logowanie/Logowanie poprawne

2018-08-21 16:09:32 - [TEST_STEP][PASSED] - Statement - autoit_prj = "C:\inzamon\login-correct.exe": null

2018-08-21 16:09:32 - [TEST_STEP][PASSED] - Statement - java.lang.Runtime.getRuntime().exec(autoit_prj): null

2018-08-21 16:09:32 - [TEST_STEP][PASSED] - Statement - java.lang.Thread.sleep(5000): null]]></system-out>
         <system-err><![CDATA[]]></system-err>
      </testcase>
      <testcase name="Test Cases/Metryka/Z podzialem z komisja" classname="Test Cases/Metryka/Z podzialem z komisja" status="FAILED">
         <failure type="FAILED" message="Unable to click on object 'Object Repository/Metryka/button_komisja-dodaj2' (Root cause: org.openqa.selenium.ElementNotVisibleException: element not visible
  (Session info: chrome=68.0.3440.106)
  (Driver info: chromedriver=2.35.528161 (5b82f2d2aae0ca24b877009200ced9065a772e73),platform=Windows NT 10.0.17134 x86_64) (WARNING: The server did not provide any stacktrace information)
Command duration or timeout: 0 milliseconds
Build info: version: '3.7.1', revision: '8a0099a', time: '2017-11-06T21:07:36.161Z'
System info: host: 'LAPTOP-2OLM88US', ip: '192.168.20.91', os.name: 'Windows 10', os.arch: 'amd64', os.version: '10.0', java.version: '1.8.0_181'
Driver info: com.kms.katalon.selenium.driver.CChromeDriver
Capabilities {acceptInsecureCerts: false, acceptSslCerts: false, applicationCacheEnabled: false, browserConnectionEnabled: false, browserName: chrome, chrome: {chromedriverVersion: 2.35.528161 (5b82f2d2aae0ca..., userDataDir: C:\Users\KAJETA~1\AppData\L...}, cssSelectorsEnabled: true, databaseEnabled: false, handlesAlerts: true, hasTouchScreen: false, javascriptEnabled: true, locationContextEnabled: true, mobileEmulationEnabled: false, nativeEvents: true, networkConnectionEnabled: false, pageLoadStrategy: normal, platform: XP, platformName: XP, rotatable: false, setWindowRect: true, takesHeapSnapshot: true, takesScreenshot: true, unexpectedAlertBehaviour: , unhandledPromptBehavior: , version: 68.0.3440.106, webStorageEnabled: true}
Session ID: c739e474a92660d1dea9b2f90e57f09d)"/>
         <system-out><![CDATA[2018-08-21 16:09:37 - [TEST_CASE][FAILED] - Test Cases/Metryka/Z podzialem z komisja: Test Cases/Metryka/Z podzialem z komisja FAILED because (of) Unable to click on object 'Object Repository/Metryka/button_komisja-dodaj2' (Root cause: org.openqa.selenium.ElementNotVisibleException: element not visible
  (Session info: chrome=68.0.3440.106)
  (Driver info: chromedriver=2.35.528161 (5b82f2d2aae0ca24b877009200ced9065a772e73),platform=Windows NT 10.0.17134 x86_64) (WARNING: The server did not provide any stacktrace information)
Command duration or timeout: 0 milliseconds
Build info: version: '3.7.1', revision: '8a0099a', time: '2017-11-06T21:07:36.161Z'
System info: host: 'LAPTOP-2OLM88US', ip: '192.168.20.91', os.name: 'Windows 10', os.arch: 'amd64', os.version: '10.0', java.version: '1.8.0_181'
Driver info: com.kms.katalon.selenium.driver.CChromeDriver
Capabilities {acceptInsecureCerts: false, acceptSslCerts: false, applicationCacheEnabled: false, browserConnectionEnabled: false, browserName: chrome, chrome: {chromedriverVersion: 2.35.528161 (5b82f2d2aae0ca..., userDataDir: C:\Users\KAJETA~1\AppData\L...}, cssSelectorsEnabled: true, databaseEnabled: false, handlesAlerts: true, hasTouchScreen: false, javascriptEnabled: true, locationContextEnabled: true, mobileEmulationEnabled: false, nativeEvents: true, networkConnectionEnabled: false, pageLoadStrategy: normal, platform: XP, platformName: XP, rotatable: false, setWindowRect: true, takesHeapSnapshot: true, takesScreenshot: true, unexpectedAlertBehaviour: , unhandledPromptBehavior: , version: 68.0.3440.106, webStorageEnabled: true}
Session ID: c739e474a92660d1dea9b2f90e57f09d)

2018-08-21 16:09:38 - [TEST_STEP][PASSED] - waitForPageLoad: Wait for page load successfully

2018-08-21 16:09:38 - [MESSAGE][PASSED] - Wait for page load successfully

2018-08-21 16:09:38 - [TEST_STEP][PASSED] - click: Object: 'Object Repository/Metryka/button_Nowe postpowanie' is clicked on

2018-08-21 16:09:38 - [MESSAGE][PASSED] - Object: 'Object Repository/Metryka/button_Nowe postpowanie' is clicked on

2018-08-21 16:09:38 - [TEST_STEP][PASSED] - setText: Text '556201-N-2018' is set on object 'Object Repository/Metryka/input_Number'

2018-08-21 16:09:41 - [MESSAGE][PASSED] - Text '556201-N-2018' is set on object 'Object Repository/Metryka/input_Number'

2018-08-21 16:09:41 - [TEST_STEP][PASSED] - setText: Text 'Przetarg Testowy' is set on object 'Object Repository/Metryka/input_Name'

2018-08-21 16:09:42 - [MESSAGE][PASSED] - Text 'Przetarg Testowy' is set on object 'Object Repository/Metryka/input_Name'

2018-08-21 16:09:42 - [TEST_STEP][PASSED] - setText: Text '556201-N-2018
Z podziałem z komisją' is set on object 'Object Repository/Metryka/textarea_Description'

2018-08-21 16:09:42 - [MESSAGE][PASSED] - Text '556201-N-2018
Z podziałem z komisją' is set on object 'Object Repository/Metryka/textarea_Description'

2018-08-21 16:09:42 - [TEST_STEP][PASSED] - setText: Text 'Białystok' is set on object 'Object Repository/Metryka/input_description0'

2018-08-21 16:09:43 - [MESSAGE][PASSED] - Text 'Białystok' is set on object 'Object Repository/Metryka/input_description0'

2018-08-21 16:09:43 - [TEST_STEP][PASSED] - waitForElementPresent: Object 'Object Repository/Metryka/input_pakiet1' is present

2018-08-21 16:09:43 - [MESSAGE][PASSED] - Object 'Object Repository/Metryka/input_pakiet1' is present

2018-08-21 16:09:43 - [TEST_STEP][PASSED] - setText: Text '100000' is set on object 'Object Repository/Metryka/input_pakiet1'

2018-08-21 16:09:43 - [MESSAGE][PASSED] - Text '100000' is set on object 'Object Repository/Metryka/input_pakiet1'

2018-08-21 16:09:43 - [TEST_STEP][PASSED] - click: Object: 'Object Repository/Metryka/button_Dodaj' is clicked on

2018-08-21 16:09:43 - [MESSAGE][PASSED] - Object: 'Object Repository/Metryka/button_Dodaj' is clicked on

2018-08-21 16:09:43 - [TEST_STEP][PASSED] - setText: Text 'Kleosin' is set on object 'Object Repository/Metryka/input_description1'

2018-08-21 16:09:44 - [MESSAGE][PASSED] - Text 'Kleosin' is set on object 'Object Repository/Metryka/input_description1'

2018-08-21 16:09:44 - [TEST_STEP][PASSED] - setText: Text '50000' is set on object 'Object Repository/Metryka/input_pakiet2'

2018-08-21 16:09:44 - [MESSAGE][PASSED] - Text '50000' is set on object 'Object Repository/Metryka/input_pakiet2'

2018-08-21 16:09:44 - [TEST_STEP][PASSED] - click: Object: 'Object Repository/Metryka/button_Dodaj2' is clicked on

2018-08-21 16:09:44 - [MESSAGE][PASSED] - Object: 'Object Repository/Metryka/button_Dodaj2' is clicked on

2018-08-21 16:09:44 - [TEST_STEP][PASSED] - setText: Text 'Grajewo' is set on object 'Object Repository/Metryka/input_description2'

2018-08-21 16:09:45 - [MESSAGE][PASSED] - Text 'Grajewo' is set on object 'Object Repository/Metryka/input_description2'

2018-08-21 16:09:45 - [TEST_STEP][PASSED] - setText: Text '30000' is set on object 'Object Repository/Metryka/input_pakiet3'

2018-08-21 16:09:45 - [MESSAGE][PASSED] - Text '30000' is set on object 'Object Repository/Metryka/input_pakiet3'

2018-08-21 16:09:45 - [TEST_STEP][PASSED] - setText: Text 'P' is set on object 'Object Repository/Metryka/input_person0'

2018-08-21 16:09:45 - [MESSAGE][PASSED] - Text 'P' is set on object 'Object Repository/Metryka/input_person0'

2018-08-21 16:09:45 - [TEST_STEP][PASSED] - click: Object: 'Object Repository/Metryka/a_Pastuka Robert' is clicked on

2018-08-21 16:09:45 - [MESSAGE][PASSED] - Object: 'Object Repository/Metryka/a_Pastuka Robert' is clicked on

2018-08-21 16:09:45 - [TEST_STEP][PASSED] - selectOptionByValue: All options with value '1' are selected in object 'Object Repository/Metryka/select_Przewodniczcy'  using regular expression

2018-08-21 16:09:46 - [MESSAGE][PASSED] - All options with value '1' are selected in object 'Object Repository/Metryka/select_Przewodniczcy'  using regular expression

2018-08-21 16:09:46 - [TEST_STEP][PASSED] - click: Object: 'Object Repository/Metryka/button_komisja-dodaj' is clicked on

2018-08-21 16:09:46 - [MESSAGE][PASSED] - Object: 'Object Repository/Metryka/button_komisja-dodaj' is clicked on

2018-08-21 16:09:46 - [TEST_STEP][PASSED] - setText: Text 'B' is set on object 'Object Repository/Metryka/input_person1'

2018-08-21 16:09:46 - [MESSAGE][PASSED] - Text 'B' is set on object 'Object Repository/Metryka/input_person1'

2018-08-21 16:09:46 - [TEST_STEP][PASSED] - click: Object: 'Object Repository/Metryka/a_Bana Maria' is clicked on

2018-08-21 16:09:47 - [MESSAGE][PASSED] - Object: 'Object Repository/Metryka/a_Bana Maria' is clicked on

2018-08-21 16:09:47 - [TEST_STEP][PASSED] - selectOptionByValue: All options with value '2' are selected in object 'Object Repository/Metryka/select_Przewodniczcy'  using regular expression

2018-08-21 16:09:47 - [MESSAGE][PASSED] - All options with value '2' are selected in object 'Object Repository/Metryka/select_Przewodniczcy'  using regular expression

2018-08-21 16:09:47 - [TEST_STEP][FAILED] - click: Unable to click on object 'Object Repository/Metryka/button_komisja-dodaj2' (Root cause: org.openqa.selenium.ElementNotVisibleException: element not visible
  (Session info: chrome=68.0.3440.106)
  (Driver info: chromedriver=2.35.528161 (5b82f2d2aae0ca24b877009200ced9065a772e73),platform=Windows NT 10.0.17134 x86_64) (WARNING: The server did not provide any stacktrace information)
Command duration or timeout: 0 milliseconds
Build info: version: '3.7.1', revision: '8a0099a', time: '2017-11-06T21:07:36.161Z'
System info: host: 'LAPTOP-2OLM88US', ip: '192.168.20.91', os.name: 'Windows 10', os.arch: 'amd64', os.version: '10.0', java.version: '1.8.0_181'
Driver info: com.kms.katalon.selenium.driver.CChromeDriver
Capabilities {acceptInsecureCerts: false, acceptSslCerts: false, applicationCacheEnabled: false, browserConnectionEnabled: false, browserName: chrome, chrome: {chromedriverVersion: 2.35.528161 (5b82f2d2aae0ca..., userDataDir: C:\Users\KAJETA~1\AppData\L...}, cssSelectorsEnabled: true, databaseEnabled: false, handlesAlerts: true, hasTouchScreen: false, javascriptEnabled: true, locationContextEnabled: true, mobileEmulationEnabled: false, nativeEvents: true, networkConnectionEnabled: false, pageLoadStrategy: normal, platform: XP, platformName: XP, rotatable: false, setWindowRect: true, takesHeapSnapshot: true, takesScreenshot: true, unexpectedAlertBehaviour: , unhandledPromptBehavior: , version: 68.0.3440.106, webStorageEnabled: true}
Session ID: c739e474a92660d1dea9b2f90e57f09d)

2018-08-21 16:09:48 - [MESSAGE][FAILED] - Unable to click on object 'Object Repository/Metryka/button_komisja-dodaj2' (Root cause: org.openqa.selenium.ElementNotVisibleException: element not visible
  (Session info: chrome=68.0.3440.106)
  (Driver info: chromedriver=2.35.528161 (5b82f2d2aae0ca24b877009200ced9065a772e73),platform=Windows NT 10.0.17134 x86_64) (WARNING: The server did not provide any stacktrace information)
Command duration or timeout: 0 milliseconds
Build info: version: '3.7.1', revision: '8a0099a', time: '2017-11-06T21:07:36.161Z'
System info: host: 'LAPTOP-2OLM88US', ip: '192.168.20.91', os.name: 'Windows 10', os.arch: 'amd64', os.version: '10.0', java.version: '1.8.0_181'
Driver info: com.kms.katalon.selenium.driver.CChromeDriver
Capabilities {acceptInsecureCerts: false, acceptSslCerts: false, applicationCacheEnabled: false, browserConnectionEnabled: false, browserName: chrome, chrome: {chromedriverVersion: 2.35.528161 (5b82f2d2aae0ca..., userDataDir: C:\Users\KAJETA~1\AppData\L...}, cssSelectorsEnabled: true, databaseEnabled: false, handlesAlerts: true, hasTouchScreen: false, javascriptEnabled: true, locationContextEnabled: true, mobileEmulationEnabled: false, nativeEvents: true, networkConnectionEnabled: false, pageLoadStrategy: normal, platform: XP, platformName: XP, rotatable: false, setWindowRect: true, takesHeapSnapshot: true, takesScreenshot: true, unexpectedAlertBehaviour: , unhandledPromptBehavior: , version: 68.0.3440.106, webStorageEnabled: true}
Session ID: c739e474a92660d1dea9b2f90e57f09d)
[[ATTACHMENT|C:\\Users\\Kajetan Kaczmarek\\Katalon Studio\\In-Zamowienia-Publiczne\\Reports\\Metryka\\20180821_160857\\1534860588058.png]]]]></system-out>
         <system-err><![CDATA[2018-08-21 16:09:37 - [TEST_CASE][FAILED] - Test Cases/Metryka/Z podzialem z komisja: Test Cases/Metryka/Z podzialem z komisja FAILED because (of) Unable to click on object 'Object Repository/Metryka/button_komisja-dodaj2' (Root cause: org.openqa.selenium.ElementNotVisibleException: element not visible
  (Session info: chrome=68.0.3440.106)
  (Driver info: chromedriver=2.35.528161 (5b82f2d2aae0ca24b877009200ced9065a772e73),platform=Windows NT 10.0.17134 x86_64) (WARNING: The server did not provide any stacktrace information)
Command duration or timeout: 0 milliseconds
Build info: version: '3.7.1', revision: '8a0099a', time: '2017-11-06T21:07:36.161Z'
System info: host: 'LAPTOP-2OLM88US', ip: '192.168.20.91', os.name: 'Windows 10', os.arch: 'amd64', os.version: '10.0', java.version: '1.8.0_181'
Driver info: com.kms.katalon.selenium.driver.CChromeDriver
Capabilities {acceptInsecureCerts: false, acceptSslCerts: false, applicationCacheEnabled: false, browserConnectionEnabled: false, browserName: chrome, chrome: {chromedriverVersion: 2.35.528161 (5b82f2d2aae0ca..., userDataDir: C:\Users\KAJETA~1\AppData\L...}, cssSelectorsEnabled: true, databaseEnabled: false, handlesAlerts: true, hasTouchScreen: false, javascriptEnabled: true, locationContextEnabled: true, mobileEmulationEnabled: false, nativeEvents: true, networkConnectionEnabled: false, pageLoadStrategy: normal, platform: XP, platformName: XP, rotatable: false, setWindowRect: true, takesHeapSnapshot: true, takesScreenshot: true, unexpectedAlertBehaviour: , unhandledPromptBehavior: , version: 68.0.3440.106, webStorageEnabled: true}
Session ID: c739e474a92660d1dea9b2f90e57f09d)]]></system-err>
      </testcase>
      <system-out><![CDATA[2018-08-21 16:09:01 - [TEST_SUITE][FAILED] - Metryka: Test Cases/Metryka/Z podzialem z komisja FAILED because (of) Unable to click on object 'Object Repository/Metryka/button_komisja-dodaj2' (Root cause: org.openqa.selenium.ElementNotVisibleException: element not visible
  (Session info: chrome=68.0.3440.106)
  (Driver info: chromedriver=2.35.528161 (5b82f2d2aae0ca24b877009200ced9065a772e73),platform=Windows NT 10.0.17134 x86_64) (WARNING: The server did not provide any stacktrace information)
Command duration or timeout: 0 milliseconds
Build info: version: '3.7.1', revision: '8a0099a', time: '2017-11-06T21:07:36.161Z'
System info: host: 'LAPTOP-2OLM88US', ip: '192.168.20.91', os.name: 'Windows 10', os.arch: 'amd64', os.version: '10.0', java.version: '1.8.0_181'
Driver info: com.kms.katalon.selenium.driver.CChromeDriver
Capabilities {acceptInsecureCerts: false, acceptSslCerts: false, applicationCacheEnabled: false, browserConnectionEnabled: false, browserName: chrome, chrome: {chromedriverVersion: 2.35.528161 (5b82f2d2aae0ca..., userDataDir: C:\Users\KAJETA~1\AppData\L...}, cssSelectorsEnabled: true, databaseEnabled: false, handlesAlerts: true, hasTouchScreen: false, javascriptEnabled: true, locationContextEnabled: true, mobileEmulationEnabled: false, nativeEvents: true, networkConnectionEnabled: false, pageLoadStrategy: normal, platform: XP, platformName: XP, rotatable: false, setWindowRect: true, takesHeapSnapshot: true, takesScreenshot: true, unexpectedAlertBehaviour: , unhandledPromptBehavior: , version: 68.0.3440.106, webStorageEnabled: true}
Session ID: c739e474a92660d1dea9b2f90e57f09d)]]></system-out>
      <system-err><![CDATA[2018-08-21 16:09:01 - [TEST_SUITE][FAILED] - Metryka: Test Cases/Metryka/Z podzialem z komisja FAILED because (of) Unable to click on object 'Object Repository/Metryka/button_komisja-dodaj2' (Root cause: org.openqa.selenium.ElementNotVisibleException: element not visible
  (Session info: chrome=68.0.3440.106)
  (Driver info: chromedriver=2.35.528161 (5b82f2d2aae0ca24b877009200ced9065a772e73),platform=Windows NT 10.0.17134 x86_64) (WARNING: The server did not provide any stacktrace information)
Command duration or timeout: 0 milliseconds
Build info: version: '3.7.1', revision: '8a0099a', time: '2017-11-06T21:07:36.161Z'
System info: host: 'LAPTOP-2OLM88US', ip: '192.168.20.91', os.name: 'Windows 10', os.arch: 'amd64', os.version: '10.0', java.version: '1.8.0_181'
Driver info: com.kms.katalon.selenium.driver.CChromeDriver
Capabilities {acceptInsecureCerts: false, acceptSslCerts: false, applicationCacheEnabled: false, browserConnectionEnabled: false, browserName: chrome, chrome: {chromedriverVersion: 2.35.528161 (5b82f2d2aae0ca..., userDataDir: C:\Users\KAJETA~1\AppData\L...}, cssSelectorsEnabled: true, databaseEnabled: false, handlesAlerts: true, hasTouchScreen: false, javascriptEnabled: true, locationContextEnabled: true, mobileEmulationEnabled: false, nativeEvents: true, networkConnectionEnabled: false, pageLoadStrategy: normal, platform: XP, platformName: XP, rotatable: false, setWindowRect: true, takesHeapSnapshot: true, takesScreenshot: true, unexpectedAlertBehaviour: , unhandledPromptBehavior: , version: 68.0.3440.106, webStorageEnabled: true}
Session ID: c739e474a92660d1dea9b2f90e57f09d)]]></system-err>
   </testsuite>
</testsuites>
